<?xml version="1.0" encoding="UTF-8"?>
<testsuite name="bankocr.FileScannerTest" tests="1" skipped="0" failures="0" errors="0" timestamp="2020-01-21T01:30:01" hostname="DESKTOP-2T89DER" time="0.03">
  <properties/>
  <testcase name="scanFile_fileNumbers123456789_123456789" classname="bankocr.FileScannerTest" time="0.03"/>
  <system-out><![CDATA[]]></system-out>
  <system-err><![CDATA[]]></system-err>
</testsuite>
